\BOOKMARK [0][-]{section*.1}{Dedication}{}
\BOOKMARK [0][-]{section*.1}{Acknowledgements}{}
\BOOKMARK [0][-]{section*.1}{Abstract}{}
\BOOKMARK [0][-]{section*.1}{ABR\311G\311}{}
\BOOKMARK [0][-]{chapter*.3}{List of Tables}{}
\BOOKMARK [0][-]{chapter*.4}{List of Figures}{}
\BOOKMARK [0][-]{chapter.1}{Introduction}{}
\BOOKMARK [1][-]{section.1.1}{Least Squares Problem}{chapter.1}
\BOOKMARK [1][-]{section.1.2}{Integer Least Squares Problems}{chapter.1}
\BOOKMARK [1][-]{section.1.3}{Applications}{chapter.1}
\BOOKMARK [1][-]{section.1.4}{Previous Work}{chapter.1}
\BOOKMARK [2][-]{subsection.1.4.1}{Search Strategies}{section.1.4}
\BOOKMARK [2][-]{subsection.1.4.2}{Reduction Strategies}{section.1.4}
\BOOKMARK [1][-]{section.1.5}{Objectives and Contribution}{chapter.1}
\BOOKMARK [1][-]{section.1.6}{Outline}{chapter.1}
\BOOKMARK [0][-]{chapter.2}{Schnorr-Euchner Enumeration}{}
\BOOKMARK [0][-]{chapter.3}{Reduction Strategies}{}
\BOOKMARK [1][-]{section.3.1}{BILS Reduction Algorithms}{chapter.3}
\BOOKMARK [2][-]{subsection.3.1.1}{Previous Reductions}{section.3.1}
\BOOKMARK [2][-]{subsection.3.1.2}{CH Algorithm}{section.3.1}
\BOOKMARK [2][-]{subsection.3.1.3}{SW Original Algorithm}{section.3.1}
\BOOKMARK [2][-]{subsection.3.1.4}{SW Algorithm Interpretation and Improvements}{section.3.1}
\BOOKMARK [2][-]{subsection.3.1.5}{Proof of Equivalence of SW and CH}{section.3.1}
\BOOKMARK [2][-]{subsection.3.1.6}{New Algorithm}{section.3.1}
\BOOKMARK [1][-]{section.3.2}{ILS Reduction Algorithms}{chapter.3}
\BOOKMARK [2][-]{subsection.3.2.1}{Computing the LLL Reduction}{section.3.2}
\BOOKMARK [2][-]{subsection.3.2.2}{New Unconstrained ILS Reduction}{section.3.2}
\BOOKMARK [2][-]{subsection.3.2.3}{ILS Reduction Results}{section.3.2}
\BOOKMARK [0][-]{chapter.4}{Alternate Search Strategies}{}
\BOOKMARK [1][-]{section.4.1}{Best First Search}{chapter.4}
\BOOKMARK [1][-]{section.4.2}{Controlling BFS Memory Usage}{chapter.4}
\BOOKMARK [1][-]{section.4.3}{Combining BFS and SE Search}{chapter.4}
\BOOKMARK [1][-]{section.4.4}{Search Strategy Results}{chapter.4}
\BOOKMARK [0][-]{chapter.5}{Conclusions and Future Work}{}
\BOOKMARK [0][-]{chapter*.8}{References}{}
